<?xml version="1.0" encoding="UTF-8"?>
<!-- Generated by org.testng.reporters.JUnitReportReporter -->
<testsuite hostname="aprasadpc" name="jan25.propertyFile" tests="1" failures="0" timestamp="26 Jan 2021 12:28:12 GMT" time="18.071" errors="0">
  <testcase name="verifyLogin" time="18.071" classname="jan25.propertyFile"/>
</testsuite> <!-- jan25.propertyFile -->
